<?xml version="1.0" encoding="UTF-8"?>
<!-- Generated by org.testng.reporters.JUnitReportReporter -->
<testsuite hostname="TH1440" name="com.thbs.devops.JenkinsSelenium.AppTest" tests="1" failures="0" timestamp="8 Aug 2019 09:54:40 GMT" time="0.004" errors="0">
  <testcase name="testApp" time="0.004" classname="com.thbs.devops.JenkinsSelenium.AppTest"/>
</testsuite> <!-- com.thbs.devops.JenkinsSelenium.AppTest -->
